<?xml version="1.0" encoding="UTF-8"?>
<robot generator="Robot 7.4.1 (Python 3.12.10 on win32)" generated="2026-02-27T12:54:47.847862" rpa="false" schemaversion="5">
<suite id="s1" name="Vehicle Tests" source="C:\robotframework\tricentis_pom\suites\vehicle_tests.robot">
<kw name="Abrir navegador" owner="config" type="SETUP">
<kw name="Open Browser" owner="SeleniumLibrary">
<msg time="2026-02-27T12:54:48.102978" level="INFO">Opening browser 'chrome' to base url 'https://sampleapp.tricentis.com/101/app.php'.</msg>
<arg>${BASE_URL}</arg>
<arg>${BROWSER}</arg>
<doc>Opens a new browser instance to the optional ``url``.</doc>
<status status="PASS" start="2026-02-27T12:54:48.102978" elapsed="2.414368"/>
</kw>
<kw name="Maximize Browser Window" owner="SeleniumLibrary">
<doc>Maximizes current browser window.</doc>
<status status="PASS" start="2026-02-27T12:54:50.517346" elapsed="0.035731"/>
</kw>
<status status="PASS" start="2026-02-27T12:54:48.101977" elapsed="2.451124"/>
</kw>
<test id="s1-t1" name="CT01 - BMW 15000km" line="16">
<kw name="Criar seguro para 'automobile'" owner="vehicle_data_flow" source_name="Criar seguro para '${tipo_veiculo}'">
<kw name="Selecionar '${tipo_veiculo}' no menu de navegação" owner="vehicle_data_page" source_name="Selecionar '${vehicle}' no menu de navegação">
<kw name="Replace String" owner="String">
<msg time="2026-02-27T12:54:50.554693" level="INFO">${elemento} = //*[@id="nav_automobile"]</msg>
<var>${elemento}</var>
<arg>${nav_vehicle}</arg>
<arg>{vehicle}</arg>
<arg>${vehicle}</arg>
<doc>Replaces ``search_for`` in the given ``string`` with ``replace_with``.</doc>
<status status="PASS" start="2026-02-27T12:54:50.554693" elapsed="0.000000"/>
</kw>
<kw name="Click Element" owner="SeleniumLibrary">
<msg time="2026-02-27T12:54:50.555242" level="INFO">Clicking element '//*[@id="nav_automobile"]'.</msg>
<arg>${elemento}</arg>
<doc>Click the element identified by ``locator``.</doc>
<status status="PASS" start="2026-02-27T12:54:50.555242" elapsed="0.279955"/>
</kw>
<status status="PASS" start="2026-02-27T12:54:50.554165" elapsed="0.281032"/>
</kw>
<kw name="Executar preenchimento do tipo '${tipo_veiculo}'" owner="vehicle_factory" source_name="Executar preenchimento do tipo '${tipo_veiculo}'">
<kw name="Run Keyword" owner="BuiltIn">
<kw name="Preencher automobile" owner="automobile_flow">
<kw name="Selecionar marca do veículo" owner="vehicle_data_page">
<kw name="Select From List By Label" owner="SeleniumLibrary">
<msg time="2026-02-27T12:54:50.837898" level="INFO">Selecting options from selection list 'id=make' by label BMW.</msg>
<arg>${MAKE_SELECT}</arg>
<arg>${marca}</arg>
<doc>Selects options from selection list ``locator`` by ``labels``.</doc>
<status status="PASS" start="2026-02-27T12:54:50.837898" elapsed="0.063703"/>
</kw>
<arg>${veiculo.marca}</arg>
<status status="PASS" start="2026-02-27T12:54:50.837196" elapsed="0.064405"/>
</kw>
<kw name="Informar potência do motor" owner="vehicle_data_page">
<kw name="Input Text" owner="SeleniumLibrary">
<msg time="2026-02-27T12:54:50.902625" level="INFO">Typing text '120' into text field 'id=engineperformance'.</msg>
<arg>${ENGINE_INPUT}</arg>
<arg>${potencia}</arg>
<doc>Types the given ``text`` into the text field identified by ``locator``.</doc>
<status status="PASS" start="2026-02-27T12:54:50.902625" elapsed="0.059883"/>
</kw>
<arg>${veiculo.potencia}</arg>
<status status="PASS" start="2026-02-27T12:54:50.902625" elapsed="0.059883"/>
</kw>
<kw name="Informar data de fabricação" owner="vehicle_data_page">
<kw name="Input Text" owner="SeleniumLibrary">
<msg time="2026-02-27T12:54:50.962508" level="INFO">Typing text '01/01/2024' into text field 'id=dateofmanufacture'.</msg>
<arg>${DATE_INPUT}</arg>
<arg>${data}</arg>
<doc>Types the given ``text`` into the text field identified by ``locator``.</doc>
<status status="PASS" start="2026-02-27T12:54:50.962508" elapsed="0.080154"/>
</kw>
<arg>${veiculo.data}</arg>
<status status="PASS" start="2026-02-27T12:54:50.962508" elapsed="0.080154"/>
</kw>
<kw name="Selecionar número de assentos" owner="vehicle_data_page">
<kw name="Select From List By Label" owner="SeleniumLibrary">
<msg time="2026-02-27T12:54:51.042662" level="INFO">Selecting options from selection list 'css=select[id^="numberofseats"]' by label 2.</msg>
<arg>${SEATS_SELECT}</arg>
<arg>${assentos}</arg>
<doc>Selects options from selection list ``locator`` by ``labels``.</doc>
<status status="PASS" start="2026-02-27T12:54:51.042662" elapsed="0.050004"/>
</kw>
<arg>${veiculo.assentos}</arg>
<status status="PASS" start="2026-02-27T12:54:51.042662" elapsed="0.050004"/>
</kw>
<kw name="Selecionar tipo de combustível" owner="vehicle_data_page">
<kw name="Select From List By Label" owner="SeleniumLibrary">
<msg time="2026-02-27T12:54:51.092666" level="INFO">Selecting options from selection list 'id=fuel' by label Petrol.</msg>
<arg>${FUEL_SELECT}</arg>
<arg>${combustivel}</arg>
<doc>Selects options from selection list ``locator`` by ``labels``.</doc>
<status status="PASS" start="2026-02-27T12:54:51.092666" elapsed="0.049737"/>
</kw>
<arg>${veiculo.combustivel}</arg>
<status status="PASS" start="2026-02-27T12:54:51.092666" elapsed="0.049737"/>
</kw>
<kw name="Informar preço de tabela" owner="vehicle_data_page">
<kw name="Input Text" owner="SeleniumLibrary">
<msg time="2026-02-27T12:54:51.142403" level="INFO">Typing text '50000' into text field 'id=listprice'.</msg>
<arg>${PRICE_INPUT}</arg>
<arg>${preco}</arg>
<doc>Types the given ``text`` into the text field identified by ``locator``.</doc>
<status status="PASS" start="2026-02-27T12:54:51.142403" elapsed="0.051540"/>
</kw>
<arg>${veiculo.preco}</arg>
<status status="PASS" start="2026-02-27T12:54:51.142403" elapsed="0.051540"/>
</kw>
<kw name="Informar placa" owner="vehicle_data_page">
<kw name="Input Text" owner="SeleniumLibrary">
<msg time="2026-02-27T12:54:51.202467" level="INFO">Typing text 'ABC1234' into text field 'id=licenseplatenumber'.</msg>
<arg>${PLATE_INPUT}</arg>
<arg>${placa}</arg>
<doc>Types the given ``text`` into the text field identified by ``locator``.</doc>
<status status="PASS" start="2026-02-27T12:54:51.202467" elapsed="0.053829"/>
</kw>
<arg>${veiculo.placa}</arg>
<status status="PASS" start="2026-02-27T12:54:51.193943" elapsed="0.062353"/>
</kw>
<kw name="Informar quilometragem anual" owner="vehicle_data_page">
<kw name="Input Text" owner="SeleniumLibrary">
<msg time="2026-02-27T12:54:51.256296" level="INFO">Typing text '15000' into text field 'id=annualmileage'.</msg>
<arg>${KM_INPUT}</arg>
<arg>${km}</arg>
<doc>Types the given ``text`` into the text field identified by ``locator``.</doc>
<status status="PASS" start="2026-02-27T12:54:51.256296" elapsed="0.056536"/>
</kw>
<arg>${veiculo.km}</arg>
<status status="PASS" start="2026-02-27T12:54:51.256296" elapsed="0.056536"/>
</kw>
<arg>${veiculo}</arg>
<status status="PASS" start="2026-02-27T12:54:50.837196" elapsed="0.475636"/>
</kw>
<arg>Preencher ${tipo_veiculo}</arg>
<arg>${veiculo}</arg>
<doc>Executes the given keyword with the given arguments.</doc>
<status status="PASS" start="2026-02-27T12:54:50.836193" elapsed="0.476639"/>
</kw>
<arg>${veiculo}</arg>
<status status="PASS" start="2026-02-27T12:54:50.836193" elapsed="0.476639"/>
</kw>
<kw name="Capturar tela" owner="capturar_page">
<kw name="Set Variable" owner="BuiltIn">
<msg time="2026-02-27T12:54:51.312832" level="INFO">${nomeArquivoTela} = NONE</msg>
<var>${nomeArquivoTela}</var>
<arg>NONE</arg>
<doc>Returns the given values which can then be assigned to a variables.</doc>
<status status="PASS" start="2026-02-27T12:54:51.312832" elapsed="0.000000"/>
</kw>
<if>
<branch type="IF" condition="${GRAVA_TELAS}">
<kw name="Evaluate" owner="BuiltIn">
<msg time="2026-02-27T12:54:51.312832" level="INFO">${uuid} = cd0ee3bb-b44f-4a46-8612-de360aa95fba</msg>
<var>${uuid}</var>
<arg>str(uuid.uuid4())</arg>
<arg>modules=uuid</arg>
<doc>Evaluates the given expression in Python and returns the result.</doc>
<status status="PASS" start="2026-02-27T12:54:51.312832" elapsed="0.000000"/>
</kw>
<kw name="Evaluate" owner="BuiltIn">
<msg time="2026-02-27T12:54:51.312832" level="INFO">${inc} = 1</msg>
<var>${inc}</var>
<arg>${num_captura_tela} + 1</arg>
<doc>Evaluates the given expression in Python and returns the result.</doc>
<status status="PASS" start="2026-02-27T12:54:51.312832" elapsed="0.000000"/>
</kw>
<kw name="Set Global Variable" owner="BuiltIn">
<msg time="2026-02-27T12:54:51.312832" level="INFO">${num_captura_tela} = 1</msg>
<arg>${num_captura_tela}</arg>
<arg>${inc}</arg>
<doc>Makes a variable available globally in all tests and suites.</doc>
<status status="PASS" start="2026-02-27T12:54:51.312832" elapsed="0.000000"/>
</kw>
<kw name="Set Variable" owner="BuiltIn">
<msg time="2026-02-27T12:54:51.312832" level="INFO">${nomeArquivoTela} = 1_dados do veículo preenchidos_cd0ee3bb-b44f-4a46-8612-de360aa95fba.png</msg>
<var>${nomeArquivoTela}</var>
<arg>${inc}_${argNomeEtapa}_${uuid}.png</arg>
<doc>Returns the given values which can then be assigned to a variables.</doc>
<status status="PASS" start="2026-02-27T12:54:51.312832" elapsed="0.000000"/>
</kw>
<kw name="Capture Page Screenshot" owner="selenium_wrapper">
<msg time="2026-02-27T12:54:51.453020" level="INFO" html="true">&lt;/td&gt;&lt;/tr&gt;&lt;tr&gt;&lt;td colspan="3"&gt;&lt;a href="1_dados%20do%20ve%C3%ADculo%20preenchidos_cd0ee3bb-b44f-4a46-8612-de360aa95fba.png"&gt;&lt;img src="1_dados%20do%20ve%C3%ADculo%20preenchidos_cd0ee3bb-b44f-4a46-8612-de360aa95fba.png" width="800px"&gt;&lt;/a&gt;</msg>
<arg>${nomeArquivoTela}</arg>
<status status="PASS" start="2026-02-27T12:54:51.312832" elapsed="0.140188"/>
</kw>
<status status="PASS" start="2026-02-27T12:54:51.312832" elapsed="0.141188"/>
</branch>
<status status="PASS" start="2026-02-27T12:54:51.312832" elapsed="0.141188"/>
</if>
<return>
<value>${nomeArquivoTela}</value>
<status status="PASS" start="2026-02-27T12:54:51.454020" elapsed="0.000000"/>
</return>
<arg>dados do veículo preenchidos</arg>
<status status="PASS" start="2026-02-27T12:54:51.312832" elapsed="0.141188"/>
</kw>
<kw name="Clicar em próximo" owner="vehicle_data_page">
<kw name="Click Element" owner="SeleniumLibrary">
<msg time="2026-02-27T12:54:51.455018" level="INFO">Clicking element 'id=nextenterinsurantdata'.</msg>
<arg>${NEXT_BUTTON}</arg>
<doc>Click the element identified by ``locator``.</doc>
<status status="PASS" start="2026-02-27T12:54:51.454020" elapsed="0.048736"/>
</kw>
<status status="PASS" start="2026-02-27T12:54:51.454020" elapsed="0.048736"/>
</kw>
<arg>${vehicle_automobile_data}[0]</arg>
<status status="PASS" start="2026-02-27T12:54:50.553634" elapsed="0.949122"/>
</kw>
<status status="PASS" start="2026-02-27T12:54:50.553101" elapsed="0.949655"/>
</test>
<test id="s1-t2" name="CT02 - Honda 5000km" line="20">
<kw name="Criar seguro para 'motorcycle'" owner="vehicle_data_flow" source_name="Criar seguro para '${tipo_veiculo}'">
<kw name="Selecionar '${tipo_veiculo}' no menu de navegação" owner="vehicle_data_page" source_name="Selecionar '${vehicle}' no menu de navegação">
<kw name="Replace String" owner="String">
<msg time="2026-02-27T12:54:51.505797" level="INFO">${elemento} = //*[@id="nav_motorcycle"]</msg>
<var>${elemento}</var>
<arg>${nav_vehicle}</arg>
<arg>{vehicle}</arg>
<arg>${vehicle}</arg>
<doc>Replaces ``search_for`` in the given ``string`` with ``replace_with``.</doc>
<status status="PASS" start="2026-02-27T12:54:51.505498" elapsed="0.000299"/>
</kw>
<kw name="Click Element" owner="SeleniumLibrary">
<msg time="2026-02-27T12:54:51.505797" level="INFO">Clicking element '//*[@id="nav_motorcycle"]'.</msg>
<arg>${elemento}</arg>
<doc>Click the element identified by ``locator``.</doc>
<status status="PASS" start="2026-02-27T12:54:51.505797" elapsed="0.257242"/>
</kw>
<status status="PASS" start="2026-02-27T12:54:51.505338" elapsed="0.257701"/>
</kw>
<kw name="Executar preenchimento do tipo '${tipo_veiculo}'" owner="vehicle_factory" source_name="Executar preenchimento do tipo '${tipo_veiculo}'">
<kw name="Run Keyword" owner="BuiltIn">
<kw name="Preencher motorcycle" owner="motorcycle_flow">
<kw name="Selecionar marca do veículo" owner="vehicle_data_page">
<kw name="Select From List By Label" owner="SeleniumLibrary">
<msg time="2026-02-27T12:54:51.765039" level="INFO">Selecting options from selection list 'id=make' by label BMW.</msg>
<arg>${MAKE_SELECT}</arg>
<arg>${marca}</arg>
<doc>Selects options from selection list ``locator`` by ``labels``.</doc>
<status status="PASS" start="2026-02-27T12:54:51.765039" elapsed="0.047820"/>
</kw>
<arg>${veiculo.marca}</arg>
<status status="PASS" start="2026-02-27T12:54:51.765039" elapsed="0.047820"/>
</kw>
<kw name="Selecionar modelo do veículo" owner="vehicle_data_page">
<kw name="Select From List By Label" owner="SeleniumLibrary">
<msg time="2026-02-27T12:54:51.813860" level="INFO">Selecting options from selection list 'id=model' by label Scooter.</msg>
<arg>${MODEL_SELECT}</arg>
<arg>${modelo}</arg>
<doc>Selects options from selection list ``locator`` by ``labels``.</doc>
<status status="PASS" start="2026-02-27T12:54:51.813860" elapsed="0.048657"/>
</kw>
<arg>${veiculo.modelo}</arg>
<status status="PASS" start="2026-02-27T12:54:51.813860" elapsed="0.048657"/>
</kw>
<kw name="Informar cilindrada" owner="vehicle_data_page">
<kw name="Input Text" owner="SeleniumLibrary">
<msg time="2026-02-27T12:54:51.862517" level="INFO">Typing text '1000' into text field 'id=cylindercapacity'.</msg>
<arg>${CYLINDER_INPUT}</arg>
<arg>${cilindrada}</arg>
<doc>Types the given ``text`` into the text field identified by ``locator``.</doc>
<status status="PASS" start="2026-02-27T12:54:51.862517" elapsed="0.054996"/>
</kw>
<arg>${veiculo.cilindrada}</arg>
<status status="PASS" start="2026-02-27T12:54:51.862517" elapsed="0.054996"/>
</kw>
<kw name="Informar potência do motor" owner="vehicle_data_page">
<kw name="Input Text" owner="SeleniumLibrary">
<msg time="2026-02-27T12:54:51.917513" level="INFO">Typing text '120' into text field 'id=engineperformance'.</msg>
<arg>${ENGINE_INPUT}</arg>
<arg>${potencia}</arg>
<doc>Types the given ``text`` into the text field identified by ``locator``.</doc>
<status status="PASS" start="2026-02-27T12:54:51.917513" elapsed="0.053510"/>
</kw>
<arg>${veiculo.potencia}</arg>
<status status="PASS" start="2026-02-27T12:54:51.917513" elapsed="0.053510"/>
</kw>
<kw name="Informar data de fabricação" owner="vehicle_data_page">
<kw name="Input Text" owner="SeleniumLibrary">
<msg time="2026-02-27T12:54:51.972028" level="INFO">Typing text '01/01/2024' into text field 'id=dateofmanufacture'.</msg>
<arg>${DATE_INPUT}</arg>
<arg>${data}</arg>
<doc>Types the given ``text`` into the text field identified by ``locator``.</doc>
<status status="PASS" start="2026-02-27T12:54:51.972028" elapsed="0.069561"/>
</kw>
<arg>${veiculo.data}</arg>
<status status="PASS" start="2026-02-27T12:54:51.971023" elapsed="0.070566"/>
</kw>
<kw name="Selecionar número de assentos" owner="vehicle_data_page">
<kw name="Select From List By Label" owner="SeleniumLibrary">
<msg time="2026-02-27T12:54:52.042589" level="INFO">Selecting options from selection list 'css=select[id^="numberofseats"]' by label 2.</msg>
<arg>${SEATS_SELECT}</arg>
<arg>${assentos}</arg>
<doc>Selects options from selection list ``locator`` by ``labels``.</doc>
<status status="PASS" start="2026-02-27T12:54:52.042589" elapsed="0.047562"/>
</kw>
<arg>${veiculo.assentos}</arg>
<status status="PASS" start="2026-02-27T12:54:52.041589" elapsed="0.048562"/>
</kw>
<kw name="Informar preço de tabela" owner="vehicle_data_page">
<kw name="Input Text" owner="SeleniumLibrary">
<msg time="2026-02-27T12:54:52.091669" level="INFO">Typing text '50000' into text field 'id=listprice'.</msg>
<arg>${PRICE_INPUT}</arg>
<arg>${preco}</arg>
<doc>Types the given ``text`` into the text field identified by ``locator``.</doc>
<status status="PASS" start="2026-02-27T12:54:52.090673" elapsed="0.052172"/>
</kw>
<arg>${veiculo.preco}</arg>
<status status="PASS" start="2026-02-27T12:54:52.090673" elapsed="0.052172"/>
</kw>
<kw name="Informar quilometragem anual" owner="vehicle_data_page">
<kw name="Input Text" owner="SeleniumLibrary">
<msg time="2026-02-27T12:54:52.142845" level="INFO">Typing text '15000' into text field 'id=annualmileage'.</msg>
<arg>${KM_INPUT}</arg>
<arg>${km}</arg>
<doc>Types the given ``text`` into the text field identified by ``locator``.</doc>
<status status="PASS" start="2026-02-27T12:54:52.142845" elapsed="0.049580"/>
</kw>
<arg>${veiculo.km}</arg>
<status status="PASS" start="2026-02-27T12:54:52.142845" elapsed="0.049580"/>
</kw>
<arg>${veiculo}</arg>
<status status="PASS" start="2026-02-27T12:54:51.764041" elapsed="0.428384"/>
</kw>
<arg>Preencher ${tipo_veiculo}</arg>
<arg>${veiculo}</arg>
<doc>Executes the given keyword with the given arguments.</doc>
<status status="PASS" start="2026-02-27T12:54:51.764041" elapsed="0.428384"/>
</kw>
<arg>${veiculo}</arg>
<status status="PASS" start="2026-02-27T12:54:51.764041" elapsed="0.428384"/>
</kw>
<kw name="Capturar tela" owner="capturar_page">
<kw name="Set Variable" owner="BuiltIn">
<msg time="2026-02-27T12:54:52.192425" level="INFO">${nomeArquivoTela} = NONE</msg>
<var>${nomeArquivoTela}</var>
<arg>NONE</arg>
<doc>Returns the given values which can then be assigned to a variables.</doc>
<status status="PASS" start="2026-02-27T12:54:52.192425" elapsed="0.000000"/>
</kw>
<if>
<branch type="IF" condition="${GRAVA_TELAS}">
<kw name="Evaluate" owner="BuiltIn">
<msg time="2026-02-27T12:54:52.192425" level="INFO">${uuid} = bfa87c47-3c4a-46f8-86fe-bf3dc8cfad4b</msg>
<var>${uuid}</var>
<arg>str(uuid.uuid4())</arg>
<arg>modules=uuid</arg>
<doc>Evaluates the given expression in Python and returns the result.</doc>
<status status="PASS" start="2026-02-27T12:54:52.192425" elapsed="0.000000"/>
</kw>
<kw name="Evaluate" owner="BuiltIn">
<msg time="2026-02-27T12:54:52.192425" level="INFO">${inc} = 2</msg>
<var>${inc}</var>
<arg>${num_captura_tela} + 1</arg>
<doc>Evaluates the given expression in Python and returns the result.</doc>
<status status="PASS" start="2026-02-27T12:54:52.192425" elapsed="0.000000"/>
</kw>
<kw name="Set Global Variable" owner="BuiltIn">
<msg time="2026-02-27T12:54:52.192425" level="INFO">${num_captura_tela} = 2</msg>
<arg>${num_captura_tela}</arg>
<arg>${inc}</arg>
<doc>Makes a variable available globally in all tests and suites.</doc>
<status status="PASS" start="2026-02-27T12:54:52.192425" elapsed="0.000000"/>
</kw>
<kw name="Set Variable" owner="BuiltIn">
<msg time="2026-02-27T12:54:52.192425" level="INFO">${nomeArquivoTela} = 2_dados do veículo preenchidos_bfa87c47-3c4a-46f8-86fe-bf3dc8cfad4b.png</msg>
<var>${nomeArquivoTela}</var>
<arg>${inc}_${argNomeEtapa}_${uuid}.png</arg>
<doc>Returns the given values which can then be assigned to a variables.</doc>
<status status="PASS" start="2026-02-27T12:54:52.192425" elapsed="0.000000"/>
</kw>
<kw name="Capture Page Screenshot" owner="selenium_wrapper">
<msg time="2026-02-27T12:54:52.319300" level="INFO" html="true">&lt;/td&gt;&lt;/tr&gt;&lt;tr&gt;&lt;td colspan="3"&gt;&lt;a href="2_dados%20do%20ve%C3%ADculo%20preenchidos_bfa87c47-3c4a-46f8-86fe-bf3dc8cfad4b.png"&gt;&lt;img src="2_dados%20do%20ve%C3%ADculo%20preenchidos_bfa87c47-3c4a-46f8-86fe-bf3dc8cfad4b.png" width="800px"&gt;&lt;/a&gt;</msg>
<arg>${nomeArquivoTela}</arg>
<status status="PASS" start="2026-02-27T12:54:52.192425" elapsed="0.126875"/>
</kw>
<status status="PASS" start="2026-02-27T12:54:52.192425" elapsed="0.126875"/>
</branch>
<status status="PASS" start="2026-02-27T12:54:52.192425" elapsed="0.126875"/>
</if>
<return>
<value>${nomeArquivoTela}</value>
<status status="PASS" start="2026-02-27T12:54:52.319300" elapsed="0.000000"/>
</return>
<arg>dados do veículo preenchidos</arg>
<status status="PASS" start="2026-02-27T12:54:52.192425" elapsed="0.126875"/>
</kw>
<kw name="Clicar em próximo" owner="vehicle_data_page">
<kw name="Click Element" owner="SeleniumLibrary">
<msg time="2026-02-27T12:54:52.320901" level="INFO">Clicking element 'id=nextenterinsurantdata'.</msg>
<arg>${NEXT_BUTTON}</arg>
<doc>Click the element identified by ``locator``.</doc>
<status status="PASS" start="2026-02-27T12:54:52.319300" elapsed="0.044743"/>
</kw>
<status status="PASS" start="2026-02-27T12:54:52.319300" elapsed="0.044743"/>
</kw>
<arg>${vehicle_motorcycle_data}[0]</arg>
<status status="PASS" start="2026-02-27T12:54:51.504336" elapsed="0.859707"/>
</kw>
<status status="PASS" start="2026-02-27T12:54:51.502756" elapsed="0.862287"/>
</test>
<kw name="Run Keywords" owner="BuiltIn" type="TEARDOWN">
<kw name="Fechar navegador" owner="config">
<kw name="Close Browser" owner="SeleniumLibrary">
<doc>Closes the current browser.</doc>
<status status="PASS" start="2026-02-27T12:54:52.366042" elapsed="2.096664"/>
</kw>
<status status="PASS" start="2026-02-27T12:54:52.366042" elapsed="2.096664"/>
</kw>
<kw name="Criar Pdf De Screenshots" owner="keywords_pdf">
<arg>${OUTPUT DIR}</arg>
<arg>PDFs/${PREV_TEST_STATUS}/${PREV_TEST_NAME}.pdf</arg>
<arg>${PREV_TEST_STATUS}</arg>
<arg>${PREV_TEST_NAME}</arg>
<status status="PASS" start="2026-02-27T12:54:54.462706" elapsed="0.121417"/>
</kw>
<arg>Fechar navegador</arg>
<arg>AND</arg>
<arg>Criar Pdf De Screenshots</arg>
<arg>${OUTPUT DIR}</arg>
<arg>PDFs/${PREV_TEST_STATUS}/${PREV_TEST_NAME}.pdf</arg>
<arg>${PREV_TEST_STATUS}</arg>
<arg>${PREV_TEST_NAME}</arg>
<doc>Executes all the given keywords in a sequence.</doc>
<status status="PASS" start="2026-02-27T12:54:52.366042" elapsed="2.218081"/>
</kw>
<status status="PASS" start="2026-02-27T12:54:47.847862" elapsed="6.736261"/>
</suite>
<statistics>
<total>
<stat pass="2" fail="0" skip="0">All Tests</stat>
</total>
<tag>
</tag>
<suite>
<stat name="Vehicle Tests" id="s1" pass="2" fail="0" skip="0">Vehicle Tests</stat>
</suite>
</statistics>
<errors>
</errors>
</robot>
